<?xml version="1.0" encoding="UTF-8"?>
<coverage generated="1752296805998" clover="3.2.0">
  <project timestamp="1752296805998" name="All files">
    <metrics statements="59" coveredstatements="38" conditionals="17" coveredconditionals="3" methods="18" coveredmethods="7" elements="94" coveredelements="48" complexity="0" loc="59" ncloc="59" packages="3" files="5" classes="5"/>
    <package name="common.api">
      <metrics statements="9" coveredstatements="6" conditionals="6" coveredconditionals="0" methods="3" coveredmethods="1"/>
      <file name="apiClient.ts" path="/Users/abhishekbhardwaj/MyMicroFrontendPlayGround/packages/ProductListing/common/api/apiClient.ts">
        <metrics statements="9" coveredstatements="6" conditionals="6" coveredconditionals="0" methods="3" coveredmethods="1"/>
        <line num="1" count="1" type="stmt"/>
        <line num="9" count="1" type="stmt"/>
        <line num="15" count="1" type="stmt"/>
        <line num="21" count="1" type="stmt"/>
        <line num="24" count="1" type="stmt"/>
        <line num="25" count="0" type="stmt"/>
        <line num="27" count="0" type="stmt"/>
        <line num="35" count="0" type="stmt"/>
        <line num="39" count="1" type="stmt"/>
      </file>
    </package>
    <package name="src">
      <metrics statements="29" coveredstatements="20" conditionals="8" coveredconditionals="3" methods="10" coveredmethods="3"/>
      <file name="productList.tsx" path="/Users/abhishekbhardwaj/MyMicroFrontendPlayGround/packages/ProductListing/src/productList.tsx">
        <metrics statements="25" coveredstatements="16" conditionals="8" coveredconditionals="3" methods="10" coveredmethods="3"/>
        <line num="1" count="1" type="stmt"/>
        <line num="2" count="1" type="stmt"/>
        <line num="3" count="1" type="stmt"/>
        <line num="5" count="1" type="stmt"/>
        <line num="20" count="1" type="stmt"/>
        <line num="79" count="1" type="stmt"/>
        <line num="80" count="1" type="stmt"/>
        <line num="83" count="1" type="stmt"/>
        <line num="84" count="1" type="stmt"/>
        <line num="85" count="1" type="stmt"/>
        <line num="87" count="0" type="stmt"/>
        <line num="88" count="0" type="cond" truecount="0" falsecount="2"/>
        <line num="91" count="1" type="stmt"/>
        <line num="92" count="1" type="stmt"/>
        <line num="94" count="1" type="stmt"/>
        <line num="95" count="0" type="stmt"/>
        <line num="96" count="0" type="cond" truecount="0" falsecount="2"/>
        <line num="97" count="0" type="stmt"/>
        <line num="99" count="0" type="stmt"/>
        <line num="102" count="1" type="stmt"/>
        <line num="121" count="5" type="stmt"/>
        <line num="124" count="0" type="stmt"/>
        <line num="131" count="0" type="stmt"/>
        <line num="132" count="0" type="stmt"/>
        <line num="167" count="1" type="stmt"/>
      </file>
      <file name="store.ts" path="/Users/abhishekbhardwaj/MyMicroFrontendPlayGround/packages/ProductListing/src/store.ts">
        <metrics statements="4" coveredstatements="4" conditionals="0" coveredconditionals="0" methods="0" coveredmethods="0"/>
        <line num="1" count="1" type="stmt"/>
        <line num="2" count="1" type="stmt"/>
        <line num="4" count="1" type="stmt"/>
        <line num="11" count="1" type="stmt"/>
      </file>
    </package>
    <package name="src.features.products">
      <metrics statements="21" coveredstatements="12" conditionals="3" coveredconditionals="0" methods="5" coveredmethods="3"/>
      <file name="productApi.ts" path="/Users/abhishekbhardwaj/MyMicroFrontendPlayGround/packages/ProductListing/src/features/products/productApi.ts">
        <metrics statements="10" coveredstatements="5" conditionals="3" coveredconditionals="0" methods="1" coveredmethods="1"/>
        <line num="1" count="1" type="stmt"/>
        <line num="2" count="1" type="stmt"/>
        <line num="5" count="1" type="stmt"/>
        <line num="8" count="1" type="stmt"/>
        <line num="9" count="1" type="stmt"/>
        <line num="10" count="0" type="cond" truecount="0" falsecount="1"/>
        <line num="11" count="0" type="stmt"/>
        <line num="13" count="0" type="stmt"/>
        <line num="15" count="0" type="stmt"/>
        <line num="16" count="0" type="cond" truecount="0" falsecount="2"/>
      </file>
      <file name="productSlice.ts" path="/Users/abhishekbhardwaj/MyMicroFrontendPlayGround/packages/ProductListing/src/features/products/productSlice.ts">
        <metrics statements="11" coveredstatements="7" conditionals="0" coveredconditionals="0" methods="4" coveredmethods="2"/>
        <line num="1" count="1" type="stmt"/>
        <line num="2" count="1" type="stmt"/>
        <line num="4" count="1" type="stmt"/>
        <line num="13" count="1" type="stmt"/>
        <line num="15" count="1" type="stmt"/>
        <line num="16" count="1" type="stmt"/>
        <line num="19" count="0" type="stmt"/>
        <line num="20" count="0" type="stmt"/>
        <line num="23" count="0" type="stmt"/>
        <line num="24" count="0" type="stmt"/>
        <line num="29" count="1" type="stmt"/>
      </file>
    </package>
  </project>
</coverage>
