{"/Users/abhishekbhardwaj/MyMicroFrontendPlayGround/packages/ProductListing/common/api/apiClient.ts": {"path":"/Users/abhishekbhardwaj/MyMicroFrontendPlayGround/packages/ProductListing/common/api/apiClient.ts","statementMap":{"0":{"start":{"line":1,"column":0},"end":{"line":1,"column":26}},"1":{"start":{"line":9,"column":33},"end":{"line":13,"column":2}},"2":{"start":{"line":15,"column":0},"end":{"line":22,"column":3}},"3":{"start":{"line":21,"column":2},"end":{"line":21,"column":16}},"4":{"start":{"line":24,"column":0},"end":{"line":37,"column":2}},"5":{"start":{"line":25,"column":16},"end":{"line":25,"column":24}},"6":{"start":{"line":27,"column":31},"end":{"line":34,"column":6}},"7":{"start":{"line":35,"column":4},"end":{"line":35,"column":36}},"8":{"start":{"line":39,"column":0},"end":{"line":39,"column":25}}},"fnMap":{"0":{"name":"(anonymous_1)","decl":{"start":{"line":15,"column":35},"end":{"line":15,"column":36}},"loc":{"start":{"line":15,"column":74},"end":{"line":22,"column":1}}},"1":{"name":"(anonymous_2)","decl":{"start":{"line":25,"column":2},"end":{"line":25,"column":3}},"loc":{"start":{"line":25,"column":16},"end":{"line":25,"column":24}}},"2":{"name":"(anonymous_3)","decl":{"start":{"line":26,"column":2},"end":{"line":26,"column":3}},"loc":{"start":{"line":26,"column":43},"end":{"line":36,"column":3}}}},"branchMap":{"0":{"loc":{"start":{"line":29,"column":9},"end":{"line":30,"column":23}},"type":"binary-expr","locations":[{"start":{"line":29,"column":9},"end":{"line":29,"column":63}},{"start":{"line":30,"column":8},"end":{"line":30,"column":23}}]},"1":{"loc":{"start":{"line":31,"column":14},"end":{"line":31,"column":43}},"type":"binary-expr","locations":[{"start":{"line":31,"column":14},"end":{"line":31,"column":36}},{"start":{"line":31,"column":40},"end":{"line":31,"column":43}}]},"2":{"loc":{"start":{"line":32,"column":12},"end":{"line":32,"column":41}},"type":"binary-expr","locations":[{"start":{"line":32,"column":12},"end":{"line":32,"column":22}},{"start":{"line":32,"column":26},"end":{"line":32,"column":41}}]}},"s":{"0":1,"1":1,"2":1,"3":1,"4":1,"5":0,"6":0,"7":0,"8":1},"f":{"0":1,"1":0,"2":0},"b":{"0":[0,0],"1":[0,0],"2":[0,0]}}
,"/Users/abhishekbhardwaj/MyMicroFrontendPlayGround/packages/ProductListing/src/productList.tsx": {"path":"/Users/abhishekbhardwaj/MyMicroFrontendPlayGround/packages/ProductListing/src/productList.tsx","statementMap":{"0":{"start":{"line":1,"column":0},"end":{"line":1,"column":51}},"1":{"start":{"line":2,"column":0},"end":{"line":2,"column":19}},"2":{"start":{"line":3,"column":0},"end":{"line":3,"column":42}},"3":{"start":{"line":5,"column":0},"end":{"line":5,"column":63}},"4":{"start":{"line":20,"column":28},"end":{"line":76,"column":2}},"5":{"start":{"line":79,"column":30},"end":{"line":165,"column":1}},"6":{"start":{"line":80,"column":40},"end":{"line":80,"column":62}},"7":{"start":{"line":83,"column":32},"end":{"line":83,"column":45}},"8":{"start":{"line":84,"column":2},"end":{"line":84,"column":36}},"9":{"start":{"line":85,"column":28},"end":{"line":90,"column":3}},"10":{"start":{"line":87,"column":4},"end":{"line":89,"column":6}},"11":{"start":{"line":88,"column":6},"end":{"line":88,"column":78}},"12":{"start":{"line":88,"column":49},"end":{"line":88,"column":61}},"13":{"start":{"line":91,"column":2},"end":{"line":93,"column":9}},"14":{"start":{"line":92,"column":4},"end":{"line":92,"column":30}},"15":{"start":{"line":94,"column":26},"end":{"line":101,"column":3}},"16":{"start":{"line":95,"column":22},"end":{"line":95,"column":38}},"17":{"start":{"line":96,"column":4},"end":{"line":100,"column":5}},"18":{"start":{"line":97,"column":6},"end":{"line":97,"column":60}},"19":{"start":{"line":97,"column":47},"end":{"line":97,"column":57}},"20":{"start":{"line":99,"column":6},"end":{"line":99,"column":25}},"21":{"start":{"line":102,"column":2},"end":{"line":164,"column":4}},"22":{"start":{"line":121,"column":12},"end":{"line":122,"column":null}},"23":{"start":{"line":124,"column":29},"end":{"line":124,"column":58}},"24":{"start":{"line":131,"column":20},"end":{"line":131,"column":40}},"25":{"start":{"line":132,"column":20},"end":{"line":132,"column":50}},"26":{"start":{"line":167,"column":0},"end":{"line":167,"column":27}}},"fnMap":{"0":{"name":"(anonymous_0)","decl":{"start":{"line":79,"column":30},"end":{"line":79,"column":33}},"loc":{"start":{"line":79,"column":35},"end":{"line":165,"column":1}}},"1":{"name":"(anonymous_1)","decl":{"start":{"line":85,"column":28},"end":{"line":85,"column":29}},"loc":{"start":{"line":85,"column":43},"end":{"line":90,"column":3}}},"2":{"name":"(anonymous_2)","decl":{"start":{"line":87,"column":19},"end":{"line":87,"column":20}},"loc":{"start":{"line":88,"column":6},"end":{"line":88,"column":78}}},"3":{"name":"(anonymous_3)","decl":{"start":{"line":88,"column":38},"end":{"line":88,"column":39}},"loc":{"start":{"line":88,"column":49},"end":{"line":88,"column":61}}},"4":{"name":"(anonymous_4)","decl":{"start":{"line":91,"column":12},"end":{"line":91,"column":15}},"loc":{"start":{"line":91,"column":17},"end":{"line":93,"column":3}}},"5":{"name":"(anonymous_5)","decl":{"start":{"line":94,"column":26},"end":{"line":94,"column":27}},"loc":{"start":{"line":94,"column":69},"end":{"line":101,"column":3}}},"6":{"name":"(anonymous_6)","decl":{"start":{"line":97,"column":34},"end":{"line":97,"column":35}},"loc":{"start":{"line":97,"column":47},"end":{"line":97,"column":57}}},"7":{"name":"(anonymous_7)","decl":{"start":{"line":120,"column":24},"end":{"line":120,"column":25}},"loc":{"start":{"line":121,"column":12},"end":{"line":122,"column":null}}},"8":{"name":"(anonymous_8)","decl":{"start":{"line":124,"column":23},"end":{"line":124,"column":26}},"loc":{"start":{"line":124,"column":29},"end":{"line":124,"column":58}}},"9":{"name":"(anonymous_9)","decl":{"start":{"line":130,"column":27},"end":{"line":130,"column":28}},"loc":{"start":{"line":130,"column":33},"end":{"line":133,"column":19}}}},"branchMap":{"0":{"loc":{"start":{"line":88,"column":6},"end":{"line":88,"column":78}},"type":"cond-expr","locations":[{"start":{"line":88,"column":26},"end":{"line":88,"column":62}},{"start":{"line":88,"column":65},"end":{"line":88,"column":78}}]},"1":{"loc":{"start":{"line":96,"column":4},"end":{"line":100,"column":5}},"type":"if","locations":[{"start":{"line":96,"column":4},"end":{"line":100,"column":5}},{"start":{"line":98,"column":11},"end":{"line":100,"column":5}}]},"2":{"loc":{"start":{"line":123,"column":25},"end":{"line":123,"column":75}},"type":"cond-expr","locations":[{"start":{"line":123,"column":60},"end":{"line":123,"column":70}},{"start":{"line":123,"column":73},"end":{"line":123,"column":75}}]},"3":{"loc":{"start":{"line":150,"column":17},"end":{"line":150,"column":74}},"type":"binary-expr","locations":[{"start":{"line":150,"column":17},"end":{"line":150,"column":44}},{"start":{"line":150,"column":48},"end":{"line":150,"column":74}}]}},"s":{"0":1,"1":1,"2":1,"3":1,"4":1,"5":1,"6":1,"7":1,"8":1,"9":1,"10":0,"11":0,"12":0,"13":1,"14":1,"15":1,"16":0,"17":0,"18":0,"19":0,"20":0,"21":1,"22":5,"23":0,"24":0,"25":0,"26":1},"f":{"0":1,"1":0,"2":0,"3":0,"4":1,"5":0,"6":0,"7":5,"8":0,"9":0},"b":{"0":[0,0],"1":[0,0],"2":[0,5],"3":[5,3]}}
,"/Users/abhishekbhardwaj/MyMicroFrontendPlayGround/packages/ProductListing/src/store.ts": {"path":"/Users/abhishekbhardwaj/MyMicroFrontendPlayGround/packages/ProductListing/src/store.ts","statementMap":{"0":{"start":{"line":1,"column":0},"end":{"line":1,"column":50}},"1":{"start":{"line":2,"column":0},"end":{"line":2,"column":67}},"2":{"start":{"line":4,"column":14},"end":{"line":8,"column":2}},"3":{"start":{"line":11,"column":0},"end":{"line":11,"column":21}}},"fnMap":{},"branchMap":{},"s":{"0":1,"1":1,"2":1,"3":1},"f":{},"b":{}}
,"/Users/abhishekbhardwaj/MyMicroFrontendPlayGround/packages/ProductListing/src/features/products/productApi.ts": {"path":"/Users/abhishekbhardwaj/MyMicroFrontendPlayGround/packages/ProductListing/src/features/products/productApi.ts","statementMap":{"0":{"start":{"line":1,"column":0},"end":{"line":1,"column":52}},"1":{"start":{"line":2,"column":0},"end":{"line":2,"column":54}},"2":{"start":{"line":5,"column":13},"end":{"line":19,"column":2}},"3":{"start":{"line":8,"column":4},"end":{"line":17,"column":5}},"4":{"start":{"line":9,"column":23},"end":{"line":9,"column":55}},"5":{"start":{"line":10,"column":6},"end":{"line":12,"column":7}},"6":{"start":{"line":11,"column":8},"end":{"line":11,"column":55}},"7":{"start":{"line":13,"column":6},"end":{"line":13,"column":27}},"8":{"start":{"line":15,"column":23},"end":{"line":15,"column":40}},"9":{"start":{"line":16,"column":6},"end":{"line":16,"column":77}}},"fnMap":{"0":{"name":"(anonymous_1)","decl":{"start":{"line":7,"column":2},"end":{"line":7,"column":7}},"loc":{"start":{"line":7,"column":43},"end":{"line":18,"column":3}}}},"branchMap":{"0":{"loc":{"start":{"line":10,"column":6},"end":{"line":12,"column":7}},"type":"if","locations":[{"start":{"line":10,"column":6},"end":{"line":12,"column":7}}]},"1":{"loc":{"start":{"line":16,"column":29},"end":{"line":16,"column":75}},"type":"binary-expr","locations":[{"start":{"line":16,"column":29},"end":{"line":16,"column":45}},{"start":{"line":16,"column":49},"end":{"line":16,"column":75}}]}},"s":{"0":1,"1":1,"2":1,"3":1,"4":1,"5":0,"6":0,"7":0,"8":0,"9":0},"f":{"0":1},"b":{"0":[0],"1":[0,0]}}
,"/Users/abhishekbhardwaj/MyMicroFrontendPlayGround/packages/ProductListing/src/features/products/productSlice.ts": {"path":"/Users/abhishekbhardwaj/MyMicroFrontendPlayGround/packages/ProductListing/src/features/products/productSlice.ts","statementMap":{"0":{"start":{"line":1,"column":0},"end":{"line":1,"column":47}},"1":{"start":{"line":2,"column":0},"end":{"line":2,"column":48}},"2":{"start":{"line":4,"column":21},"end":{"line":27,"column":2}},"3":{"start":{"line":13,"column":4},"end":{"line":25,"column":9}},"4":{"start":{"line":15,"column":8},"end":{"line":15,"column":33}},"5":{"start":{"line":16,"column":8},"end":{"line":16,"column":27}},"6":{"start":{"line":19,"column":8},"end":{"line":19,"column":35}},"7":{"start":{"line":20,"column":8},"end":{"line":20,"column":37}},"8":{"start":{"line":23,"column":8},"end":{"line":23,"column":32}},"9":{"start":{"line":24,"column":8},"end":{"line":24,"column":47}},"10":{"start":{"line":29,"column":13},"end":{"line":29,"column":52}}},"fnMap":{"0":{"name":"(anonymous_0)","decl":{"start":{"line":12,"column":17},"end":{"line":12,"column":18}},"loc":{"start":{"line":12,"column":29},"end":{"line":26,"column":3}}},"1":{"name":"(anonymous_1)","decl":{"start":{"line":14,"column":38},"end":{"line":14,"column":39}},"loc":{"start":{"line":14,"column":48},"end":{"line":17,"column":7}}},"2":{"name":"(anonymous_2)","decl":{"start":{"line":18,"column":40},"end":{"line":18,"column":41}},"loc":{"start":{"line":18,"column":58},"end":{"line":21,"column":7}}},"3":{"name":"(anonymous_3)","decl":{"start":{"line":22,"column":39},"end":{"line":22,"column":40}},"loc":{"start":{"line":22,"column":57},"end":{"line":25,"column":7}}}},"branchMap":{},"s":{"0":1,"1":1,"2":1,"3":1,"4":1,"5":1,"6":0,"7":0,"8":0,"9":0,"10":1},"f":{"0":1,"1":1,"2":0,"3":0},"b":{}}
}
