TN:
SF:common/api/apiClient.ts
FN:15,(anonymous_1)
FN:25,(anonymous_2)
FN:26,(anonymous_3)
FNF:3
FNH:1
FNDA:1,(anonymous_1)
FNDA:0,(anonymous_2)
FNDA:0,(anonymous_3)
DA:1,1
DA:9,1
DA:15,1
DA:21,1
DA:24,1
DA:25,0
DA:27,0
DA:35,0
DA:39,1
LF:9
LH:6
BRDA:29,0,0,0
BRDA:29,0,1,0
BRDA:31,1,0,0
BRDA:31,1,1,0
BRDA:32,2,0,0
BRDA:32,2,1,0
BRF:6
BRH:0
end_of_record
TN:
SF:src/productList.tsx
FN:79,(anonymous_0)
FN:85,(anonymous_1)
FN:87,(anonymous_2)
FN:88,(anonymous_3)
FN:91,(anonymous_4)
FN:94,(anonymous_5)
FN:97,(anonymous_6)
FN:120,(anonymous_7)
FN:124,(anonymous_8)
FN:130,(anonymous_9)
FNF:10
FNH:3
FNDA:1,(anonymous_0)
FNDA:0,(anonymous_1)
FNDA:0,(anonymous_2)
FNDA:0,(anonymous_3)
FNDA:1,(anonymous_4)
FNDA:0,(anonymous_5)
FNDA:0,(anonymous_6)
FNDA:5,(anonymous_7)
FNDA:0,(anonymous_8)
FNDA:0,(anonymous_9)
DA:1,1
DA:2,1
DA:3,1
DA:5,1
DA:20,1
DA:79,1
DA:80,1
DA:83,1
DA:84,1
DA:85,1
DA:87,0
DA:88,0
DA:91,1
DA:92,1
DA:94,1
DA:95,0
DA:96,0
DA:97,0
DA:99,0
DA:102,1
DA:121,5
DA:124,0
DA:131,0
DA:132,0
DA:167,1
LF:25
LH:16
BRDA:88,0,0,0
BRDA:88,0,1,0
BRDA:96,1,0,0
BRDA:96,1,1,0
BRDA:123,2,0,0
BRDA:123,2,1,5
BRDA:150,3,0,5
BRDA:150,3,1,3
BRF:8
BRH:3
end_of_record
TN:
SF:src/store.ts
FNF:0
FNH:0
DA:1,1
DA:2,1
DA:4,1
DA:11,1
LF:4
LH:4
BRF:0
BRH:0
end_of_record
TN:
SF:src/features/products/productApi.ts
FN:7,(anonymous_1)
FNF:1
FNH:1
FNDA:1,(anonymous_1)
DA:1,1
DA:2,1
DA:5,1
DA:8,1
DA:9,1
DA:10,0
DA:11,0
DA:13,0
DA:15,0
DA:16,0
LF:10
LH:5
BRDA:10,0,0,0
BRDA:16,1,0,0
BRDA:16,1,1,0
BRF:3
BRH:0
end_of_record
TN:
SF:src/features/products/productSlice.ts
FN:12,(anonymous_0)
FN:14,(anonymous_1)
FN:18,(anonymous_2)
FN:22,(anonymous_3)
FNF:4
FNH:2
FNDA:1,(anonymous_0)
FNDA:1,(anonymous_1)
FNDA:0,(anonymous_2)
FNDA:0,(anonymous_3)
DA:1,1
DA:2,1
DA:4,1
DA:13,1
DA:15,1
DA:16,1
DA:19,0
DA:20,0
DA:23,0
DA:24,0
DA:29,1
LF:11
LH:7
BRF:0
BRH:0
end_of_record
